<?xml version="1.0" encoding="UTF-8"?>
<coverage generated="1521532029233" clover="3.2.0">
  <project timestamp="1521532029233" name="All files">
    <metrics statements="83" coveredstatements="70" conditionals="8" coveredconditionals="5" methods="19" coveredmethods="15" elements="110" coveredelements="90" complexity="0" loc="83" ncloc="83" packages="7" files="12" classes="12">
      <package name="src">
        <metrics statements="19" coveredstatements="15" conditionals="2" coveredconditionals="1" methods="3" coveredmethods="3"/>
        <file name="index.ts" path="/Users/victorgamez/Desktop/_Skylab/proyectoFinal/MDitor/server/src/index.ts">
          <metrics statements="19" coveredstatements="15" conditionals="2" coveredconditionals="1" methods="3" coveredmethods="3"/>
          <line num="3" count="1" type="stmt"/>
          <line num="9" count="1" type="stmt"/>
          <line num="11" count="1" type="stmt"/>
          <line num="13" count="1" type="stmt"/>
          <line num="15" count="1" type="stmt"/>
          <line num="17" count="1" type="stmt"/>
          <line num="21" count="1" type="stmt"/>
          <line num="23" count="1" type="stmt"/>
          <line num="24" count="1" type="stmt"/>
          <line num="34" count="1" type="stmt"/>
          <line num="36" count="1" type="stmt"/>
          <line num="37" count="0" type="stmt"/>
          <line num="38" count="0" type="stmt"/>
          <line num="39" count="0" type="stmt"/>
          <line num="45" count="0" type="stmt"/>
          <line num="48" count="1" type="stmt"/>
          <line num="79" count="1" type="cond" truecount="1" falsecount="1"/>
          <line num="81" count="1" type="stmt"/>
          <line num="83" count="1" type="stmt"/>
        </file>
      </package>
      <package name="src.Models">
        <metrics statements="3" coveredstatements="3" conditionals="0" coveredconditionals="0" methods="0" coveredmethods="0"/>
        <file name="index.ts" path="/Users/victorgamez/Desktop/_Skylab/proyectoFinal/MDitor/server/src/Models/index.ts">
          <metrics statements="3" coveredstatements="3" conditionals="0" coveredconditionals="0" methods="0" coveredmethods="0"/>
          <line num="1" count="2" type="stmt"/>
          <line num="2" count="2" type="stmt"/>
          <line num="4" count="2" type="stmt"/>
        </file>
      </package>
      <package name="src.Models.File">
        <metrics statements="6" coveredstatements="6" conditionals="0" coveredconditionals="0" methods="0" coveredmethods="0"/>
        <file name="File.ts" path="/Users/victorgamez/Desktop/_Skylab/proyectoFinal/MDitor/server/src/Models/File/File.ts">
          <metrics statements="3" coveredstatements="3" conditionals="0" coveredconditionals="0" methods="0" coveredmethods="0"/>
          <line num="1" count="2" type="stmt"/>
          <line num="4" count="2" type="stmt"/>
          <line num="11" count="2" type="stmt"/>
        </file>
        <file name="index.ts" path="/Users/victorgamez/Desktop/_Skylab/proyectoFinal/MDitor/server/src/Models/File/index.ts">
          <metrics statements="3" coveredstatements="3" conditionals="0" coveredconditionals="0" methods="0" coveredmethods="0"/>
          <line num="7" count="2" type="stmt"/>
          <line num="9" count="2" type="stmt"/>
          <line num="11" count="2" type="stmt"/>
        </file>
      </package>
      <package name="src.Models.Folder">
        <metrics statements="6" coveredstatements="6" conditionals="0" coveredconditionals="0" methods="0" coveredmethods="0"/>
        <file name="Folder.ts" path="/Users/victorgamez/Desktop/_Skylab/proyectoFinal/MDitor/server/src/Models/Folder/Folder.ts">
          <metrics statements="3" coveredstatements="3" conditionals="0" coveredconditionals="0" methods="0" coveredmethods="0"/>
          <line num="1" count="2" type="stmt"/>
          <line num="5" count="2" type="stmt"/>
          <line num="19" count="2" type="stmt"/>
        </file>
        <file name="index.ts" path="/Users/victorgamez/Desktop/_Skylab/proyectoFinal/MDitor/server/src/Models/Folder/index.ts">
          <metrics statements="3" coveredstatements="3" conditionals="0" coveredconditionals="0" methods="0" coveredmethods="0"/>
          <line num="7" count="2" type="stmt"/>
          <line num="9" count="2" type="stmt"/>
          <line num="11" count="2" type="stmt"/>
        </file>
      </package>
      <package name="src.db">
        <metrics statements="3" coveredstatements="3" conditionals="0" coveredconditionals="0" methods="0" coveredmethods="0"/>
        <file name="index.ts" path="/Users/victorgamez/Desktop/_Skylab/proyectoFinal/MDitor/server/src/db/index.ts">
          <metrics statements="3" coveredstatements="3" conditionals="0" coveredconditionals="0" methods="0" coveredmethods="0"/>
          <line num="1" count="1" type="stmt"/>
          <line num="3" count="1" type="stmt"/>
          <line num="9" count="1" type="stmt"/>
        </file>
      </package>
      <package name="src.logic">
        <metrics statements="42" coveredstatements="33" conditionals="6" coveredconditionals="4" methods="16" coveredmethods="12"/>
        <file name="file.ts" path="/Users/victorgamez/Desktop/_Skylab/proyectoFinal/MDitor/server/src/logic/file.ts">
          <metrics statements="16" coveredstatements="7" conditionals="0" coveredconditionals="0" methods="6" coveredmethods="2"/>
          <line num="1" count="2" type="stmt"/>
          <line num="3" count="2" type="stmt"/>
          <line num="6" count="2" type="stmt"/>
          <line num="8" count="1" type="stmt"/>
          <line num="10" count="1" type="stmt"/>
          <line num="11" count="1" type="stmt"/>
          <line num="15" count="0" type="stmt"/>
          <line num="17" count="0" type="stmt"/>
          <line num="19" count="0" type="stmt"/>
          <line num="20" count="0" type="stmt"/>
          <line num="22" count="0" type="stmt"/>
          <line num="27" count="0" type="stmt"/>
          <line num="29" count="0" type="stmt"/>
          <line num="30" count="0" type="stmt"/>
          <line num="32" count="0" type="stmt"/>
          <line num="36" count="2" type="stmt"/>
        </file>
        <file name="folder.ts" path="/Users/victorgamez/Desktop/_Skylab/proyectoFinal/MDitor/server/src/logic/folder.ts">
          <metrics statements="16" coveredstatements="16" conditionals="0" coveredconditionals="0" methods="9" coveredmethods="9"/>
          <line num="2" count="2" type="stmt"/>
          <line num="3" count="2" type="stmt"/>
          <line num="7" count="2" type="stmt"/>
          <line num="9" count="4" type="stmt"/>
          <line num="11" count="4" type="stmt"/>
          <line num="13" count="4" type="stmt"/>
          <line num="15" count="4" type="stmt"/>
          <line num="19" count="1" type="stmt"/>
          <line num="21" count="1" type="stmt"/>
          <line num="22" count="1" type="stmt"/>
          <line num="24" count="1" type="stmt"/>
          <line num="28" count="3" type="stmt"/>
          <line num="30" count="3" type="stmt"/>
          <line num="31" count="3" type="stmt"/>
          <line num="34" count="3" type="stmt"/>
          <line num="39" count="2" type="stmt"/>
        </file>
        <file name="index.ts" path="/Users/victorgamez/Desktop/_Skylab/proyectoFinal/MDitor/server/src/logic/index.ts">
          <metrics statements="4" coveredstatements="4" conditionals="0" coveredconditionals="0" methods="0" coveredmethods="0"/>
          <line num="1" count="2" type="stmt"/>
          <line num="2" count="2" type="stmt"/>
          <line num="4" count="2" type="stmt"/>
          <line num="6" count="2" type="stmt"/>
        </file>
        <file name="validate.ts" path="/Users/victorgamez/Desktop/_Skylab/proyectoFinal/MDitor/server/src/logic/validate.ts">
          <metrics statements="6" coveredstatements="6" conditionals="6" coveredconditionals="4" methods="1" coveredmethods="1"/>
          <line num="8" count="9" type="stmt"/>
          <line num="9" count="11" type="stmt"/>
          <line num="11" count="11" type="cond" truecount="1" falsecount="1"/>
          <line num="13" count="11" type="cond" truecount="3" falsecount="1"/>
          <line num="16" count="9" type="stmt"/>
          <line num="19" count="2" type="stmt"/>
        </file>
      </package>
      <package name="test.db">
        <metrics statements="4" coveredstatements="4" conditionals="0" coveredconditionals="0" methods="0" coveredmethods="0"/>
        <file name="index.ts" path="/Users/victorgamez/Desktop/_Skylab/proyectoFinal/MDitor/server/test/db/index.ts">
          <metrics statements="4" coveredstatements="4" conditionals="0" coveredconditionals="0" methods="0" coveredmethods="0"/>
          <line num="1" count="1" type="stmt"/>
          <line num="3" count="1" type="stmt"/>
          <line num="5" count="1" type="stmt"/>
          <line num="11" count="1" type="stmt"/>
        </file>
      </package>
    </metrics>
  </project>
</coverage>
