<?xml version="1.0" encoding="UTF-8"?>
<coverage generated="1521491581400" clover="3.2.0">
  <project timestamp="1521491581400" name="All files">
    <metrics statements="74" coveredstatements="57" conditionals="8" coveredconditionals="5" methods="18" coveredmethods="12" elements="100" coveredelements="74" complexity="0" loc="74" ncloc="74" packages="7" files="10" classes="10">
      <package name="src">
        <metrics statements="19" coveredstatements="14" conditionals="2" coveredconditionals="1" methods="3" coveredmethods="3"/>
        <file name="index.ts" path="/Users/victorgamez/Desktop/_Skylab/proyectoFinal/MDitor/server/src/index.ts">
          <metrics statements="19" coveredstatements="14" conditionals="2" coveredconditionals="1" methods="3" coveredmethods="3"/>
          <line num="3" count="1" type="stmt"/>
          <line num="9" count="1" type="stmt"/>
          <line num="11" count="1" type="stmt"/>
          <line num="13" count="1" type="stmt"/>
          <line num="15" count="1" type="stmt"/>
          <line num="17" count="1" type="stmt"/>
          <line num="21" count="1" type="stmt"/>
          <line num="23" count="1" type="stmt"/>
          <line num="24" count="1" type="stmt"/>
          <line num="34" count="1" type="stmt"/>
          <line num="36" count="0" type="stmt"/>
          <line num="37" count="0" type="stmt"/>
          <line num="38" count="0" type="stmt"/>
          <line num="39" count="0" type="stmt"/>
          <line num="45" count="0" type="stmt"/>
          <line num="48" count="1" type="stmt"/>
          <line num="79" count="1" type="cond" truecount="1" falsecount="1"/>
          <line num="81" count="1" type="stmt"/>
          <line num="83" count="1" type="stmt"/>
        </file>
      </package>
      <package name="src.Models">
        <metrics statements="3" coveredstatements="3" conditionals="0" coveredconditionals="0" methods="0" coveredmethods="0"/>
        <file name="index.ts" path="/Users/victorgamez/Desktop/_Skylab/proyectoFinal/MDitor/server/src/Models/index.ts">
          <metrics statements="3" coveredstatements="3" conditionals="0" coveredconditionals="0" methods="0" coveredmethods="0"/>
          <line num="1" count="2" type="stmt"/>
          <line num="2" count="2" type="stmt"/>
          <line num="4" count="2" type="stmt"/>
        </file>
      </package>
      <package name="src.Models.File">
        <metrics statements="6" coveredstatements="6" conditionals="0" coveredconditionals="0" methods="0" coveredmethods="0"/>
        <file name="File.ts" path="/Users/victorgamez/Desktop/_Skylab/proyectoFinal/MDitor/server/src/Models/File/File.ts">
          <metrics statements="3" coveredstatements="3" conditionals="0" coveredconditionals="0" methods="0" coveredmethods="0"/>
          <line num="1" count="2" type="stmt"/>
          <line num="4" count="2" type="stmt"/>
          <line num="11" count="2" type="stmt"/>
        </file>
        <file name="index.ts" path="/Users/victorgamez/Desktop/_Skylab/proyectoFinal/MDitor/server/src/Models/File/index.ts">
          <metrics statements="3" coveredstatements="3" conditionals="0" coveredconditionals="0" methods="0" coveredmethods="0"/>
          <line num="7" count="2" type="stmt"/>
          <line num="9" count="2" type="stmt"/>
          <line num="11" count="2" type="stmt"/>
        </file>
      </package>
      <package name="src.Models.Folder">
        <metrics statements="6" coveredstatements="6" conditionals="0" coveredconditionals="0" methods="0" coveredmethods="0"/>
        <file name="Folder.ts" path="/Users/victorgamez/Desktop/_Skylab/proyectoFinal/MDitor/server/src/Models/Folder/Folder.ts">
          <metrics statements="3" coveredstatements="3" conditionals="0" coveredconditionals="0" methods="0" coveredmethods="0"/>
          <line num="1" count="2" type="stmt"/>
          <line num="5" count="2" type="stmt"/>
          <line num="19" count="2" type="stmt"/>
        </file>
        <file name="index.ts" path="/Users/victorgamez/Desktop/_Skylab/proyectoFinal/MDitor/server/src/Models/Folder/index.ts">
          <metrics statements="3" coveredstatements="3" conditionals="0" coveredconditionals="0" methods="0" coveredmethods="0"/>
          <line num="7" count="2" type="stmt"/>
          <line num="9" count="2" type="stmt"/>
          <line num="11" count="2" type="stmt"/>
        </file>
      </package>
      <package name="src.db">
        <metrics statements="3" coveredstatements="3" conditionals="0" coveredconditionals="0" methods="0" coveredmethods="0"/>
        <file name="index.ts" path="/Users/victorgamez/Desktop/_Skylab/proyectoFinal/MDitor/server/src/db/index.ts">
          <metrics statements="3" coveredstatements="3" conditionals="0" coveredconditionals="0" methods="0" coveredmethods="0"/>
          <line num="1" count="1" type="stmt"/>
          <line num="3" count="1" type="stmt"/>
          <line num="9" count="1" type="stmt"/>
        </file>
      </package>
      <package name="src.logic">
        <metrics statements="33" coveredstatements="21" conditionals="6" coveredconditionals="4" methods="15" coveredmethods="9"/>
        <file name="index.ts" path="/Users/victorgamez/Desktop/_Skylab/proyectoFinal/MDitor/server/src/logic/index.ts">
          <metrics statements="27" coveredstatements="15" conditionals="0" coveredconditionals="0" methods="14" coveredmethods="8"/>
          <line num="2" count="2" type="stmt"/>
          <line num="3" count="2" type="stmt"/>
          <line num="7" count="2" type="stmt"/>
          <line num="9" count="4" type="stmt"/>
          <line num="11" count="4" type="stmt"/>
          <line num="13" count="4" type="stmt"/>
          <line num="15" count="3" type="stmt"/>
          <line num="20" count="0" type="stmt"/>
          <line num="22" count="0" type="stmt"/>
          <line num="23" count="0" type="stmt"/>
          <line num="27" count="0" type="stmt"/>
          <line num="29" count="0" type="stmt"/>
          <line num="31" count="0" type="stmt"/>
          <line num="32" count="0" type="stmt"/>
          <line num="34" count="0" type="stmt"/>
          <line num="39" count="1" type="stmt"/>
          <line num="41" count="1" type="stmt"/>
          <line num="42" count="1" type="stmt"/>
          <line num="47" count="0" type="stmt"/>
          <line num="49" count="0" type="stmt"/>
          <line num="50" count="0" type="stmt"/>
          <line num="52" count="0" type="stmt"/>
          <line num="56" count="3" type="stmt"/>
          <line num="58" count="3" type="stmt"/>
          <line num="59" count="3" type="stmt"/>
          <line num="62" count="3" type="stmt"/>
          <line num="78" count="2" type="stmt"/>
        </file>
        <file name="validate.ts" path="/Users/victorgamez/Desktop/_Skylab/proyectoFinal/MDitor/server/src/logic/validate.ts">
          <metrics statements="6" coveredstatements="6" conditionals="6" coveredconditionals="4" methods="1" coveredmethods="1"/>
          <line num="8" count="8" type="stmt"/>
          <line num="9" count="9" type="stmt"/>
          <line num="11" count="9" type="cond" truecount="1" falsecount="1"/>
          <line num="13" count="9" type="cond" truecount="3" falsecount="1"/>
          <line num="16" count="8" type="stmt"/>
          <line num="19" count="2" type="stmt"/>
        </file>
      </package>
      <package name="test.db">
        <metrics statements="4" coveredstatements="4" conditionals="0" coveredconditionals="0" methods="0" coveredmethods="0"/>
        <file name="index.ts" path="/Users/victorgamez/Desktop/_Skylab/proyectoFinal/MDitor/server/test/db/index.ts">
          <metrics statements="4" coveredstatements="4" conditionals="0" coveredconditionals="0" methods="0" coveredmethods="0"/>
          <line num="1" count="1" type="stmt"/>
          <line num="3" count="1" type="stmt"/>
          <line num="5" count="1" type="stmt"/>
          <line num="11" count="1" type="stmt"/>
        </file>
      </package>
    </metrics>
  </project>
</coverage>
