{"/Users/victorgamez/Desktop/_Skylab/proyectoFinal/MDitor/server/src/index.ts": {"path":"/Users/victorgamez/Desktop/_Skylab/proyectoFinal/MDitor/server/src/index.ts","statementMap":{"0":{"start":{"line":3,"column":0},"end":{"line":3,"column":31}},"1":{"start":{"line":9,"column":0},"end":{"line":9,"column":27}},"2":{"start":{"line":11,"column":16},"end":{"line":11,"column":34}},"3":{"start":{"line":13,"column":12},"end":{"line":13,"column":21}},"4":{"start":{"line":83,"column":9},"end":{"line":83,"column":12}},"5":{"start":{"line":15,"column":20},"end":{"line":15,"column":42}},"6":{"start":{"line":17,"column":23},"end":{"line":17,"column":66}},"7":{"start":{"line":21,"column":0},"end":{"line":21,"column":16}},"8":{"start":{"line":23,"column":0},"end":{"line":25,"column":3}},"9":{"start":{"line":24,"column":4},"end":{"line":24,"column":28}},"10":{"start":{"line":34,"column":21},"end":{"line":34,"column":66}},"11":{"start":{"line":36,"column":4},"end":{"line":36,"column":55}},"12":{"start":{"line":37,"column":4},"end":{"line":37,"column":63}},"13":{"start":{"line":38,"column":4},"end":{"line":38,"column":63}},"14":{"start":{"line":39,"column":4},"end":{"line":39,"column":65}},"15":{"start":{"line":45,"column":8},"end":{"line":45,"column":68}},"16":{"start":{"line":48,"column":0},"end":{"line":48,"column":9}},"17":{"start":{"line":79,"column":13},"end":{"line":79,"column":37}},"18":{"start":{"line":81,"column":0},"end":{"line":81,"column":69}},"19":{"start":{"line":81,"column":23},"end":{"line":81,"column":67}}},"fnMap":{"0":{"name":"(anonymous_6)","decl":{"start":{"line":23,"column":13},"end":{"line":23,"column":14}},"loc":{"start":{"line":23,"column":45},"end":{"line":25,"column":1}}},"1":{"name":"create","decl":{"start":{"line":32,"column":0},"end":{"line":null,"column":-1}},"loc":{"start":{"line":32,"column":0},"end":{"line":46,"column":1}}},"2":{"name":"(anonymous_9)","decl":{"start":{"line":81,"column":17},"end":{"line":81,"column":19}},"loc":{"start":{"line":81,"column":23},"end":{"line":81,"column":67}}}},"branchMap":{"0":{"loc":{"start":{"line":79,"column":13},"end":{"line":79,"column":29}},"type":"binary-expr","locations":[{"start":{"line":79,"column":13},"end":{"line":79,"column":29}},{"start":{"line":79,"column":33},"end":{"line":79,"column":37}}]}},"s":{"0":1,"1":1,"2":1,"3":1,"4":1,"5":1,"6":1,"7":1,"8":1,"9":1,"10":1,"11":1,"12":0,"13":0,"14":0,"15":0,"16":1,"17":1,"18":1,"19":1},"f":{"0":1,"1":1,"2":1},"b":{"0":[1,0]}}
,"/Users/victorgamez/Desktop/_Skylab/proyectoFinal/MDitor/server/src/Models/index.ts": {"path":"/Users/victorgamez/Desktop/_Skylab/proyectoFinal/MDitor/server/src/Models/index.ts","statementMap":{"0":{"start":{"line":1,"column":0},"end":{"line":1,"column":56}},"1":{"start":{"line":4,"column":9},"end":{"line":4,"column":16}},"2":{"start":{"line":4,"column":18},"end":{"line":4,"column":30}},"3":{"start":{"line":4,"column":57},"end":{"line":4,"column":63}},"4":{"start":{"line":2,"column":0},"end":{"line":2,"column":48}},"5":{"start":{"line":4,"column":32},"end":{"line":4,"column":37}},"6":{"start":{"line":4,"column":39},"end":{"line":4,"column":49}},"7":{"start":{"line":4,"column":51},"end":{"line":4,"column":55}}},"fnMap":{},"branchMap":{},"s":{"0":2,"1":2,"2":2,"3":2,"4":2,"5":2,"6":2,"7":2},"f":{},"b":{}}
,"/Users/victorgamez/Desktop/_Skylab/proyectoFinal/MDitor/server/src/Models/File/File.ts": {"path":"/Users/victorgamez/Desktop/_Skylab/proyectoFinal/MDitor/server/src/Models/File/File.ts","statementMap":{"0":{"start":{"line":1,"column":0},"end":{"line":1,"column":47}},"1":{"start":{"line":4,"column":13},"end":{"line":9,"column":3}},"2":{"start":{"line":11,"column":13},"end":{"line":11,"column":77}}},"fnMap":{},"branchMap":{},"s":{"0":2,"1":2,"2":2},"f":{},"b":{}}
,"/Users/victorgamez/Desktop/_Skylab/proyectoFinal/MDitor/server/src/Models/File/index.ts": {"path":"/Users/victorgamez/Desktop/_Skylab/proyectoFinal/MDitor/server/src/Models/File/index.ts","statementMap":{"0":{"start":{"line":7,"column":0},"end":{"line":7,"column":52}},"1":{"start":{"line":11,"column":8},"end":{"line":11,"column":13}},"2":{"start":{"line":11,"column":15},"end":{"line":11,"column":25}},"3":{"start":{"line":9,"column":0},"end":{"line":9,"column":42}},"4":{"start":{"line":11,"column":27},"end":{"line":11,"column":37}},"5":{"start":{"line":11,"column":39},"end":{"line":11,"column":43}}},"fnMap":{},"branchMap":{},"s":{"0":2,"1":2,"2":2,"3":2,"4":2,"5":2},"f":{},"b":{}}
,"/Users/victorgamez/Desktop/_Skylab/proyectoFinal/MDitor/server/src/Models/Folder/Folder.ts": {"path":"/Users/victorgamez/Desktop/_Skylab/proyectoFinal/MDitor/server/src/Models/Folder/Folder.ts","statementMap":{"0":{"start":{"line":1,"column":0},"end":{"line":1,"column":47}},"1":{"start":{"line":5,"column":13},"end":{"line":8,"column":3}},"2":{"start":{"line":19,"column":13},"end":{"line":19,"column":87}}},"fnMap":{},"branchMap":{},"s":{"0":2,"1":2,"2":2},"f":{},"b":{}}
,"/Users/victorgamez/Desktop/_Skylab/proyectoFinal/MDitor/server/src/Models/Folder/index.ts": {"path":"/Users/victorgamez/Desktop/_Skylab/proyectoFinal/MDitor/server/src/Models/Folder/index.ts","statementMap":{"0":{"start":{"line":7,"column":0},"end":{"line":7,"column":58}},"1":{"start":{"line":11,"column":18},"end":{"line":11,"column":30}},"2":{"start":{"line":11,"column":9},"end":{"line":11,"column":16}},"3":{"start":{"line":9,"column":0},"end":{"line":9,"column":48}},"4":{"start":{"line":11,"column":32},"end":{"line":11,"column":44}},"5":{"start":{"line":11,"column":46},"end":{"line":11,"column":52}}},"fnMap":{},"branchMap":{},"s":{"0":2,"1":2,"2":2,"3":2,"4":2,"5":2},"f":{},"b":{}}
,"/Users/victorgamez/Desktop/_Skylab/proyectoFinal/MDitor/server/src/db/index.ts": {"path":"/Users/victorgamez/Desktop/_Skylab/proyectoFinal/MDitor/server/src/db/index.ts","statementMap":{"0":{"start":{"line":1,"column":0},"end":{"line":1,"column":31}},"1":{"start":{"line":3,"column":14},"end":{"line":7,"column":1}},"2":{"start":{"line":9,"column":0},"end":{"line":9,"column":76}}},"fnMap":{},"branchMap":{},"s":{"0":1,"1":1,"2":1},"f":{},"b":{}}
,"/Users/victorgamez/Desktop/_Skylab/proyectoFinal/MDitor/server/src/logic/file.ts": {"path":"/Users/victorgamez/Desktop/_Skylab/proyectoFinal/MDitor/server/src/logic/file.ts","statementMap":{"0":{"start":{"line":1,"column":0},"end":{"line":1,"column":68}},"1":{"start":{"line":3,"column":0},"end":{"line":3,"column":37}},"2":{"start":{"line":36,"column":15},"end":{"line":36,"column":23}},"3":{"start":{"line":6,"column":13},"end":{"line":34,"column":1}},"4":{"start":{"line":8,"column":8},"end":{"line":23,"column":15}},"5":{"start":{"line":10,"column":16},"end":{"line":10,"column":46}},"6":{"start":{"line":11,"column":16},"end":{"line":11,"column":58}},"7":{"start":{"line":15,"column":29},"end":{"line":15,"column":48}},"8":{"start":{"line":17,"column":16},"end":{"line":17,"column":44}},"9":{"start":{"line":19,"column":16},"end":{"line":19,"column":28}},"10":{"start":{"line":20,"column":16},"end":{"line":20,"column":30}},"11":{"start":{"line":22,"column":16},"end":{"line":22,"column":32}},"12":{"start":{"line":27,"column":8},"end":{"line":32,"column":36}},"13":{"start":{"line":29,"column":16},"end":{"line":29,"column":41}},"14":{"start":{"line":30,"column":16},"end":{"line":30,"column":65}},"15":{"start":{"line":32,"column":26},"end":{"line":32,"column":34}},"16":{"start":{"line":36,"column":9},"end":{"line":36,"column":13}}},"fnMap":{"0":{"name":"createFile","decl":{"start":{"line":7,"column":12},"end":{"line":7,"column":31}},"loc":{"start":{"line":7,"column":80},"end":{"line":24,"column":5}}},"1":{"name":"(anonymous_1)","decl":{"start":{"line":9,"column":18},"end":{"line":9,"column":20}},"loc":{"start":{"line":9,"column":23},"end":{"line":12,"column":13}}},"2":{"name":"(anonymous_2)","decl":{"start":{"line":13,"column":18},"end":{"line":13,"column":23}},"loc":{"start":{"line":13,"column":27},"end":{"line":23,"column":13}}},"3":{"name":"updateFile","decl":{"start":{"line":26,"column":12},"end":{"line":26,"column":31}},"loc":{"start":{"line":26,"column":75},"end":{"line":33,"column":5}}},"4":{"name":"(anonymous_4)","decl":{"start":{"line":28,"column":18},"end":{"line":28,"column":20}},"loc":{"start":{"line":28,"column":23},"end":{"line":31,"column":13}}},"5":{"name":"(anonymous_5)","decl":{"start":{"line":32,"column":18},"end":{"line":32,"column":21}},"loc":{"start":{"line":32,"column":26},"end":{"line":32,"column":34}}}},"branchMap":{},"s":{"0":2,"1":2,"2":2,"3":2,"4":1,"5":1,"6":1,"7":0,"8":0,"9":0,"10":0,"11":0,"12":0,"13":0,"14":0,"15":0,"16":2},"f":{"0":1,"1":1,"2":0,"3":0,"4":0,"5":0},"b":{}}
,"/Users/victorgamez/Desktop/_Skylab/proyectoFinal/MDitor/server/src/logic/folder.ts": {"path":"/Users/victorgamez/Desktop/_Skylab/proyectoFinal/MDitor/server/src/logic/folder.ts","statementMap":{"0":{"start":{"line":2,"column":0},"end":{"line":2,"column":49}},"1":{"start":{"line":3,"column":0},"end":{"line":3,"column":37}},"2":{"start":{"line":39,"column":17},"end":{"line":39,"column":25}},"3":{"start":{"line":7,"column":15},"end":{"line":37,"column":1}},"4":{"start":{"line":9,"column":8},"end":{"line":15,"column":40}},"5":{"start":{"line":11,"column":16},"end":{"line":11,"column":36}},"6":{"start":{"line":13,"column":16},"end":{"line":13,"column":59}},"7":{"start":{"line":15,"column":28},"end":{"line":15,"column":38}},"8":{"start":{"line":19,"column":8},"end":{"line":24,"column":40}},"9":{"start":{"line":21,"column":16},"end":{"line":21,"column":41}},"10":{"start":{"line":22,"column":16},"end":{"line":22,"column":67}},"11":{"start":{"line":24,"column":28},"end":{"line":24,"column":38}},"12":{"start":{"line":28,"column":8},"end":{"line":35,"column":15}},"13":{"start":{"line":30,"column":16},"end":{"line":30,"column":34}},"14":{"start":{"line":31,"column":16},"end":{"line":31,"column":48}},"15":{"start":{"line":34,"column":16},"end":{"line":34,"column":81}},"16":{"start":{"line":39,"column":9},"end":{"line":39,"column":15}}},"fnMap":{"0":{"name":"createFolder","decl":{"start":{"line":8,"column":12},"end":{"line":8,"column":33}},"loc":{"start":{"line":8,"column":47},"end":{"line":16,"column":5}}},"1":{"name":"(anonymous_1)","decl":{"start":{"line":10,"column":18},"end":{"line":10,"column":20}},"loc":{"start":{"line":10,"column":23},"end":{"line":14,"column":13}}},"2":{"name":"(anonymous_2)","decl":{"start":{"line":15,"column":18},"end":{"line":15,"column":23}},"loc":{"start":{"line":15,"column":28},"end":{"line":15,"column":38}}},"3":{"name":"updateFolder","decl":{"start":{"line":18,"column":12},"end":{"line":18,"column":33}},"loc":{"start":{"line":18,"column":77},"end":{"line":25,"column":5}}},"4":{"name":"(anonymous_4)","decl":{"start":{"line":20,"column":18},"end":{"line":20,"column":20}},"loc":{"start":{"line":20,"column":23},"end":{"line":23,"column":13}}},"5":{"name":"(anonymous_5)","decl":{"start":{"line":24,"column":18},"end":{"line":24,"column":23}},"loc":{"start":{"line":24,"column":28},"end":{"line":24,"column":38}}},"6":{"name":"retrieveFolder","decl":{"start":{"line":27,"column":14},"end":{"line":27,"column":37}},"loc":{"start":{"line":27,"column":66},"end":{"line":36,"column":5}}},"7":{"name":"(anonymous_7)","decl":{"start":{"line":29,"column":18},"end":{"line":29,"column":20}},"loc":{"start":{"line":29,"column":23},"end":{"line":32,"column":13}}},"8":{"name":"(anonymous_8)","decl":{"start":{"line":33,"column":18},"end":{"line":33,"column":23}},"loc":{"start":{"line":33,"column":27},"end":{"line":35,"column":13}}}},"branchMap":{},"s":{"0":2,"1":2,"2":2,"3":2,"4":4,"5":4,"6":4,"7":4,"8":1,"9":1,"10":1,"11":1,"12":3,"13":3,"14":3,"15":3,"16":2},"f":{"0":4,"1":4,"2":4,"3":1,"4":1,"5":1,"6":3,"7":3,"8":3},"b":{}}
,"/Users/victorgamez/Desktop/_Skylab/proyectoFinal/MDitor/server/src/logic/index.ts": {"path":"/Users/victorgamez/Desktop/_Skylab/proyectoFinal/MDitor/server/src/logic/index.ts","statementMap":{"0":{"start":{"line":1,"column":0},"end":{"line":1,"column":43}},"1":{"start":{"line":6,"column":16},"end":{"line":6,"column":24}},"2":{"start":{"line":2,"column":0},"end":{"line":2,"column":29}},"3":{"start":{"line":4,"column":14},"end":{"line":4,"column":30}},"4":{"start":{"line":6,"column":9},"end":{"line":6,"column":14}}},"fnMap":{},"branchMap":{},"s":{"0":2,"1":2,"2":2,"3":2,"4":2},"f":{},"b":{}}
,"/Users/victorgamez/Desktop/_Skylab/proyectoFinal/MDitor/server/src/logic/validate.ts": {"path":"/Users/victorgamez/Desktop/_Skylab/proyectoFinal/MDitor/server/src/logic/validate.ts","statementMap":{"0":{"start":{"line":8,"column":4},"end":{"line":15,"column":5}},"1":{"start":{"line":9,"column":22},"end":{"line":9,"column":32}},"2":{"start":{"line":11,"column":8},"end":{"line":11,"column":94}},"3":{"start":{"line":11,"column":42},"end":{"line":11,"column":94}},"4":{"start":{"line":13,"column":8},"end":{"line":13,"column":118}},"5":{"start":{"line":13,"column":40},"end":{"line":13,"column":118}},"6":{"start":{"line":13,"column":66},"end":{"line":13,"column":118}},"7":{"start":{"line":16,"column":4},"end":{"line":16,"column":11}},"8":{"start":{"line":19,"column":9},"end":{"line":19,"column":17}}},"fnMap":{"0":{"name":"validate","decl":{"start":{"line":7,"column":0},"end":{"line":7,"column":17}},"loc":{"start":{"line":7,"column":27},"end":{"line":17,"column":1}}}},"branchMap":{"0":{"loc":{"start":{"line":11,"column":8},"end":{"line":11,"column":94}},"type":"if","locations":[{"start":{"line":11,"column":8},"end":{"line":11,"column":94}},{"start":{"line":11,"column":8},"end":{"line":11,"column":94}}]},"1":{"loc":{"start":{"line":13,"column":8},"end":{"line":13,"column":118}},"type":"if","locations":[{"start":{"line":13,"column":8},"end":{"line":13,"column":118}},{"start":{"line":13,"column":8},"end":{"line":13,"column":118}}]},"2":{"loc":{"start":{"line":13,"column":40},"end":{"line":13,"column":118}},"type":"if","locations":[{"start":{"line":13,"column":40},"end":{"line":13,"column":118}},{"start":{"line":13,"column":40},"end":{"line":13,"column":118}}]}},"s":{"0":9,"1":11,"2":11,"3":0,"4":11,"5":6,"6":0,"7":9,"8":2},"f":{"0":9},"b":{"0":[0,11],"1":[6,5],"2":[0,6]}}
,"/Users/victorgamez/Desktop/_Skylab/proyectoFinal/MDitor/server/test/db/index.ts": {"path":"/Users/victorgamez/Desktop/_Skylab/proyectoFinal/MDitor/server/test/db/index.ts","statementMap":{"0":{"start":{"line":1,"column":0},"end":{"line":1,"column":31}},"1":{"start":{"line":3,"column":0},"end":{"line":3,"column":27}},"2":{"start":{"line":5,"column":14},"end":{"line":9,"column":1}},"3":{"start":{"line":11,"column":0},"end":{"line":11,"column":76}}},"fnMap":{},"branchMap":{},"s":{"0":1,"1":1,"2":1,"3":1},"f":{},"b":{}}
}
