{"/Users/victorgamez/Desktop/_Skylab/proyectoFinal/MDitor/server/src/index.ts": {"path":"/Users/victorgamez/Desktop/_Skylab/proyectoFinal/MDitor/server/src/index.ts","statementMap":{"0":{"start":{"line":3,"column":0},"end":{"line":3,"column":31}},"1":{"start":{"line":9,"column":0},"end":{"line":9,"column":27}},"2":{"start":{"line":11,"column":16},"end":{"line":11,"column":34}},"3":{"start":{"line":13,"column":12},"end":{"line":13,"column":21}},"4":{"start":{"line":81,"column":9},"end":{"line":81,"column":12}},"5":{"start":{"line":15,"column":20},"end":{"line":15,"column":42}},"6":{"start":{"line":17,"column":23},"end":{"line":17,"column":66}},"7":{"start":{"line":21,"column":0},"end":{"line":21,"column":16}},"8":{"start":{"line":23,"column":0},"end":{"line":25,"column":3}},"9":{"start":{"line":24,"column":4},"end":{"line":24,"column":28}},"10":{"start":{"line":34,"column":21},"end":{"line":34,"column":65}},"11":{"start":{"line":36,"column":4},"end":{"line":36,"column":54}},"12":{"start":{"line":37,"column":4},"end":{"line":37,"column":62}},"13":{"start":{"line":38,"column":4},"end":{"line":38,"column":62}},"14":{"start":{"line":39,"column":4},"end":{"line":39,"column":64}},"15":{"start":{"line":42,"column":8},"end":{"line":43,"column":31}},"16":{"start":{"line":46,"column":0},"end":{"line":46,"column":9}},"17":{"start":{"line":77,"column":13},"end":{"line":77,"column":37}},"18":{"start":{"line":79,"column":0},"end":{"line":79,"column":69}},"19":{"start":{"line":79,"column":23},"end":{"line":79,"column":67}}},"fnMap":{"0":{"name":"(anonymous_6)","decl":{"start":{"line":23,"column":13},"end":{"line":23,"column":14}},"loc":{"start":{"line":23,"column":45},"end":{"line":25,"column":1}}},"1":{"name":"create","decl":{"start":{"line":32,"column":0},"end":{"line":null,"column":-1}},"loc":{"start":{"line":32,"column":0},"end":{"line":44,"column":1}}},"2":{"name":"(anonymous_9)","decl":{"start":{"line":79,"column":17},"end":{"line":79,"column":19}},"loc":{"start":{"line":79,"column":23},"end":{"line":79,"column":67}}}},"branchMap":{"0":{"loc":{"start":{"line":77,"column":13},"end":{"line":77,"column":29}},"type":"binary-expr","locations":[{"start":{"line":77,"column":13},"end":{"line":77,"column":29}},{"start":{"line":77,"column":33},"end":{"line":77,"column":37}}]}},"s":{"0":1,"1":1,"2":1,"3":1,"4":1,"5":1,"6":1,"7":1,"8":1,"9":1,"10":1,"11":1,"12":0,"13":0,"14":0,"15":0,"16":1,"17":1,"18":1,"19":1},"f":{"0":1,"1":1,"2":1},"b":{"0":[1,0]}}
,"/Users/victorgamez/Desktop/_Skylab/proyectoFinal/MDitor/server/src/Models/index.ts": {"path":"/Users/victorgamez/Desktop/_Skylab/proyectoFinal/MDitor/server/src/Models/index.ts","statementMap":{"0":{"start":{"line":1,"column":0},"end":{"line":1,"column":56}},"1":{"start":{"line":4,"column":9},"end":{"line":4,"column":16}},"2":{"start":{"line":4,"column":18},"end":{"line":4,"column":30}},"3":{"start":{"line":4,"column":57},"end":{"line":4,"column":63}},"4":{"start":{"line":2,"column":0},"end":{"line":2,"column":48}},"5":{"start":{"line":4,"column":32},"end":{"line":4,"column":37}},"6":{"start":{"line":4,"column":39},"end":{"line":4,"column":49}},"7":{"start":{"line":4,"column":51},"end":{"line":4,"column":55}}},"fnMap":{},"branchMap":{},"s":{"0":1,"1":1,"2":1,"3":1,"4":1,"5":1,"6":1,"7":1},"f":{},"b":{}}
,"/Users/victorgamez/Desktop/_Skylab/proyectoFinal/MDitor/server/src/Models/File/File.ts": {"path":"/Users/victorgamez/Desktop/_Skylab/proyectoFinal/MDitor/server/src/Models/File/File.ts","statementMap":{"0":{"start":{"line":1,"column":0},"end":{"line":1,"column":47}},"1":{"start":{"line":4,"column":13},"end":{"line":9,"column":3}},"2":{"start":{"line":11,"column":13},"end":{"line":11,"column":77}}},"fnMap":{},"branchMap":{},"s":{"0":1,"1":1,"2":1},"f":{},"b":{}}
,"/Users/victorgamez/Desktop/_Skylab/proyectoFinal/MDitor/server/src/Models/File/index.ts": {"path":"/Users/victorgamez/Desktop/_Skylab/proyectoFinal/MDitor/server/src/Models/File/index.ts","statementMap":{"0":{"start":{"line":7,"column":0},"end":{"line":7,"column":52}},"1":{"start":{"line":11,"column":8},"end":{"line":11,"column":13}},"2":{"start":{"line":11,"column":15},"end":{"line":11,"column":25}},"3":{"start":{"line":9,"column":0},"end":{"line":9,"column":42}},"4":{"start":{"line":11,"column":27},"end":{"line":11,"column":37}},"5":{"start":{"line":11,"column":39},"end":{"line":11,"column":43}}},"fnMap":{},"branchMap":{},"s":{"0":1,"1":1,"2":1,"3":1,"4":1,"5":1},"f":{},"b":{}}
,"/Users/victorgamez/Desktop/_Skylab/proyectoFinal/MDitor/server/src/Models/Folder/Folder.ts": {"path":"/Users/victorgamez/Desktop/_Skylab/proyectoFinal/MDitor/server/src/Models/Folder/Folder.ts","statementMap":{"0":{"start":{"line":1,"column":0},"end":{"line":1,"column":47}},"1":{"start":{"line":5,"column":13},"end":{"line":8,"column":3}},"2":{"start":{"line":19,"column":13},"end":{"line":19,"column":87}}},"fnMap":{},"branchMap":{},"s":{"0":1,"1":1,"2":1},"f":{},"b":{}}
,"/Users/victorgamez/Desktop/_Skylab/proyectoFinal/MDitor/server/src/Models/Folder/index.ts": {"path":"/Users/victorgamez/Desktop/_Skylab/proyectoFinal/MDitor/server/src/Models/Folder/index.ts","statementMap":{"0":{"start":{"line":7,"column":0},"end":{"line":7,"column":58}},"1":{"start":{"line":11,"column":18},"end":{"line":11,"column":30}},"2":{"start":{"line":11,"column":9},"end":{"line":11,"column":16}},"3":{"start":{"line":9,"column":0},"end":{"line":9,"column":48}},"4":{"start":{"line":11,"column":32},"end":{"line":11,"column":44}},"5":{"start":{"line":11,"column":46},"end":{"line":11,"column":52}}},"fnMap":{},"branchMap":{},"s":{"0":1,"1":1,"2":1,"3":1,"4":1,"5":1},"f":{},"b":{}}
,"/Users/victorgamez/Desktop/_Skylab/proyectoFinal/MDitor/server/src/db/index.ts": {"path":"/Users/victorgamez/Desktop/_Skylab/proyectoFinal/MDitor/server/src/db/index.ts","statementMap":{"0":{"start":{"line":1,"column":0},"end":{"line":1,"column":31}},"1":{"start":{"line":3,"column":14},"end":{"line":7,"column":1}},"2":{"start":{"line":9,"column":0},"end":{"line":9,"column":76}}},"fnMap":{},"branchMap":{},"s":{"0":1,"1":1,"2":1},"f":{},"b":{}}
,"/Users/victorgamez/Desktop/_Skylab/proyectoFinal/MDitor/server/src/logic/index.ts": {"path":"/Users/victorgamez/Desktop/_Skylab/proyectoFinal/MDitor/server/src/logic/index.ts","statementMap":{"0":{"start":{"line":2,"column":0},"end":{"line":2,"column":56}},"1":{"start":{"line":3,"column":0},"end":{"line":3,"column":37}},"2":{"start":{"line":7,"column":14},"end":{"line":66,"column":1}},"3":{"start":{"line":9,"column":8},"end":{"line":15,"column":40}},"4":{"start":{"line":11,"column":16},"end":{"line":11,"column":36}},"5":{"start":{"line":13,"column":16},"end":{"line":13,"column":59}},"6":{"start":{"line":15,"column":28},"end":{"line":15,"column":38}},"7":{"start":{"line":20,"column":8},"end":{"line":35,"column":15}},"8":{"start":{"line":22,"column":16},"end":{"line":22,"column":46}},"9":{"start":{"line":23,"column":16},"end":{"line":23,"column":58}},"10":{"start":{"line":27,"column":29},"end":{"line":27,"column":48}},"11":{"start":{"line":29,"column":16},"end":{"line":29,"column":44}},"12":{"start":{"line":31,"column":16},"end":{"line":31,"column":28}},"13":{"start":{"line":32,"column":16},"end":{"line":32,"column":30}},"14":{"start":{"line":34,"column":16},"end":{"line":34,"column":32}},"15":{"start":{"line":39,"column":8},"end":{"line":44,"column":40}},"16":{"start":{"line":41,"column":16},"end":{"line":41,"column":41}},"17":{"start":{"line":42,"column":16},"end":{"line":42,"column":60}},"18":{"start":{"line":44,"column":28},"end":{"line":44,"column":38}},"19":{"start":{"line":48,"column":8},"end":{"line":53,"column":36}},"20":{"start":{"line":50,"column":16},"end":{"line":50,"column":41}},"21":{"start":{"line":51,"column":16},"end":{"line":51,"column":58}},"22":{"start":{"line":53,"column":26},"end":{"line":53,"column":34}},"23":{"start":{"line":57,"column":8},"end":{"line":64,"column":15}},"24":{"start":{"line":59,"column":16},"end":{"line":59,"column":34}},"25":{"start":{"line":60,"column":16},"end":{"line":60,"column":48}},"26":{"start":{"line":63,"column":16},"end":{"line":63,"column":81}},"27":{"start":{"line":79,"column":9},"end":{"line":79,"column":14}}},"fnMap":{"0":{"name":"createFolder","decl":{"start":{"line":8,"column":18},"end":{"line":8,"column":39}},"loc":{"start":{"line":8,"column":53},"end":{"line":16,"column":5}}},"1":{"name":"(anonymous_1)","decl":{"start":{"line":10,"column":18},"end":{"line":10,"column":20}},"loc":{"start":{"line":10,"column":23},"end":{"line":14,"column":13}}},"2":{"name":"(anonymous_2)","decl":{"start":{"line":15,"column":18},"end":{"line":15,"column":23}},"loc":{"start":{"line":15,"column":28},"end":{"line":15,"column":38}}},"3":{"name":"createFile","decl":{"start":{"line":18,"column":16},"end":{"line":18,"column":35}},"loc":{"start":{"line":18,"column":84},"end":{"line":36,"column":5}}},"4":{"name":"(anonymous_4)","decl":{"start":{"line":21,"column":18},"end":{"line":21,"column":20}},"loc":{"start":{"line":21,"column":23},"end":{"line":24,"column":13}}},"5":{"name":"(anonymous_5)","decl":{"start":{"line":25,"column":18},"end":{"line":25,"column":23}},"loc":{"start":{"line":25,"column":27},"end":{"line":35,"column":13}}},"6":{"name":"updateFolder","decl":{"start":{"line":38,"column":18},"end":{"line":38,"column":39}},"loc":{"start":{"line":38,"column":83},"end":{"line":45,"column":5}}},"7":{"name":"(anonymous_7)","decl":{"start":{"line":40,"column":18},"end":{"line":40,"column":20}},"loc":{"start":{"line":40,"column":23},"end":{"line":43,"column":13}}},"8":{"name":"(anonymous_8)","decl":{"start":{"line":44,"column":18},"end":{"line":44,"column":23}},"loc":{"start":{"line":44,"column":28},"end":{"line":44,"column":38}}},"9":{"name":"updateFile","decl":{"start":{"line":47,"column":16},"end":{"line":47,"column":35}},"loc":{"start":{"line":47,"column":79},"end":{"line":54,"column":5}}},"10":{"name":"(anonymous_10)","decl":{"start":{"line":49,"column":18},"end":{"line":49,"column":20}},"loc":{"start":{"line":49,"column":23},"end":{"line":52,"column":13}}},"11":{"name":"(anonymous_11)","decl":{"start":{"line":53,"column":18},"end":{"line":53,"column":21}},"loc":{"start":{"line":53,"column":26},"end":{"line":53,"column":34}}},"12":{"name":"listFolders","decl":{"start":{"line":56,"column":16},"end":{"line":56,"column":36}},"loc":{"start":{"line":56,"column":65},"end":{"line":65,"column":5}}},"13":{"name":"(anonymous_13)","decl":{"start":{"line":58,"column":18},"end":{"line":58,"column":20}},"loc":{"start":{"line":58,"column":23},"end":{"line":61,"column":13}}},"14":{"name":"(anonymous_14)","decl":{"start":{"line":62,"column":18},"end":{"line":62,"column":23}},"loc":{"start":{"line":62,"column":27},"end":{"line":64,"column":13}}}},"branchMap":{},"s":{"0":1,"1":1,"2":1,"3":1,"4":1,"5":1,"6":1,"7":1,"8":1,"9":1,"10":0,"11":0,"12":0,"13":0,"14":0,"15":0,"16":0,"17":0,"18":0,"19":0,"20":0,"21":0,"22":0,"23":0,"24":0,"25":0,"26":0,"27":1},"f":{"0":1,"1":1,"2":1,"3":1,"4":1,"5":0,"6":0,"7":0,"8":0,"9":0,"10":0,"11":0,"12":0,"13":0,"14":0},"b":{}}
,"/Users/victorgamez/Desktop/_Skylab/proyectoFinal/MDitor/server/src/logic/validate.ts": {"path":"/Users/victorgamez/Desktop/_Skylab/proyectoFinal/MDitor/server/src/logic/validate.ts","statementMap":{"0":{"start":{"line":8,"column":4},"end":{"line":15,"column":5}},"1":{"start":{"line":9,"column":22},"end":{"line":9,"column":32}},"2":{"start":{"line":11,"column":8},"end":{"line":11,"column":94}},"3":{"start":{"line":11,"column":42},"end":{"line":11,"column":94}},"4":{"start":{"line":13,"column":8},"end":{"line":13,"column":118}},"5":{"start":{"line":13,"column":40},"end":{"line":13,"column":118}},"6":{"start":{"line":13,"column":66},"end":{"line":13,"column":118}},"7":{"start":{"line":16,"column":4},"end":{"line":16,"column":11}},"8":{"start":{"line":19,"column":9},"end":{"line":19,"column":17}}},"fnMap":{"0":{"name":"validate","decl":{"start":{"line":7,"column":0},"end":{"line":7,"column":17}},"loc":{"start":{"line":7,"column":30},"end":{"line":17,"column":1}}}},"branchMap":{"0":{"loc":{"start":{"line":11,"column":8},"end":{"line":11,"column":94}},"type":"if","locations":[{"start":{"line":11,"column":8},"end":{"line":11,"column":94}},{"start":{"line":11,"column":8},"end":{"line":11,"column":94}}]},"1":{"loc":{"start":{"line":13,"column":8},"end":{"line":13,"column":118}},"type":"if","locations":[{"start":{"line":13,"column":8},"end":{"line":13,"column":118}},{"start":{"line":13,"column":8},"end":{"line":13,"column":118}}]},"2":{"loc":{"start":{"line":13,"column":40},"end":{"line":13,"column":118}},"type":"if","locations":[{"start":{"line":13,"column":40},"end":{"line":13,"column":118}},{"start":{"line":13,"column":40},"end":{"line":13,"column":118}}]}},"s":{"0":2,"1":3,"2":3,"3":0,"4":3,"5":2,"6":0,"7":2,"8":1},"f":{"0":2},"b":{"0":[0,3],"1":[2,1],"2":[0,2]}}
}
