TN:
SF:/Users/victorgamez/Desktop/_Skylab/proyectoFinal/MDitor/server/src/index.ts
FN:23,(anonymous_6)
FN:32,create
FN:81,(anonymous_9)
FNF:3
FNH:3
FNDA:1,(anonymous_6)
FNDA:1,create
FNDA:1,(anonymous_9)
DA:3,1
DA:9,1
DA:11,1
DA:13,1
DA:15,1
DA:17,1
DA:21,1
DA:23,1
DA:24,1
DA:34,1
DA:36,0
DA:37,0
DA:38,0
DA:39,0
DA:45,0
DA:48,1
DA:79,1
DA:81,1
DA:83,1
LF:19
LH:14
BRDA:79,0,0,1
BRDA:79,0,1,0
BRF:2
BRH:1
end_of_record
TN:
SF:/Users/victorgamez/Desktop/_Skylab/proyectoFinal/MDitor/server/src/Models/index.ts
FNF:0
FNH:0
DA:1,2
DA:2,2
DA:4,2
LF:3
LH:3
BRF:0
BRH:0
end_of_record
TN:
SF:/Users/victorgamez/Desktop/_Skylab/proyectoFinal/MDitor/server/src/Models/File/File.ts
FNF:0
FNH:0
DA:1,2
DA:4,2
DA:11,2
LF:3
LH:3
BRF:0
BRH:0
end_of_record
TN:
SF:/Users/victorgamez/Desktop/_Skylab/proyectoFinal/MDitor/server/src/Models/File/index.ts
FNF:0
FNH:0
DA:7,2
DA:9,2
DA:11,2
LF:3
LH:3
BRF:0
BRH:0
end_of_record
TN:
SF:/Users/victorgamez/Desktop/_Skylab/proyectoFinal/MDitor/server/src/Models/Folder/Folder.ts
FNF:0
FNH:0
DA:1,2
DA:5,2
DA:19,2
LF:3
LH:3
BRF:0
BRH:0
end_of_record
TN:
SF:/Users/victorgamez/Desktop/_Skylab/proyectoFinal/MDitor/server/src/Models/Folder/index.ts
FNF:0
FNH:0
DA:7,2
DA:9,2
DA:11,2
LF:3
LH:3
BRF:0
BRH:0
end_of_record
TN:
SF:/Users/victorgamez/Desktop/_Skylab/proyectoFinal/MDitor/server/src/db/index.ts
FNF:0
FNH:0
DA:1,1
DA:3,1
DA:9,1
LF:3
LH:3
BRF:0
BRH:0
end_of_record
TN:
SF:/Users/victorgamez/Desktop/_Skylab/proyectoFinal/MDitor/server/src/logic/index.ts
FN:8,createFolder
FN:10,(anonymous_1)
FN:15,(anonymous_2)
FN:18,createFile
FN:21,(anonymous_4)
FN:25,(anonymous_5)
FN:38,updateFolder
FN:40,(anonymous_7)
FN:46,updateFile
FN:48,(anonymous_9)
FN:52,(anonymous_10)
FN:55,listFolders
FN:57,(anonymous_12)
FN:61,(anonymous_13)
FNF:14
FNH:8
FNDA:4,createFolder
FNDA:4,(anonymous_1)
FNDA:3,(anonymous_2)
FNDA:0,createFile
FNDA:0,(anonymous_4)
FNDA:0,(anonymous_5)
FNDA:1,updateFolder
FNDA:1,(anonymous_7)
FNDA:0,updateFile
FNDA:0,(anonymous_9)
FNDA:0,(anonymous_10)
FNDA:3,listFolders
FNDA:3,(anonymous_12)
FNDA:3,(anonymous_13)
DA:2,2
DA:3,2
DA:7,2
DA:9,4
DA:11,4
DA:13,4
DA:15,3
DA:20,0
DA:22,0
DA:23,0
DA:27,0
DA:29,0
DA:31,0
DA:32,0
DA:34,0
DA:39,1
DA:41,1
DA:42,1
DA:47,0
DA:49,0
DA:50,0
DA:52,0
DA:56,3
DA:58,3
DA:59,3
DA:62,3
DA:78,2
LF:27
LH:15
BRF:0
BRH:0
end_of_record
TN:
SF:/Users/victorgamez/Desktop/_Skylab/proyectoFinal/MDitor/server/src/logic/validate.ts
FN:7,validate
FNF:1
FNH:1
FNDA:8,validate
DA:8,8
DA:9,9
DA:11,9
DA:13,9
DA:16,8
DA:19,2
LF:6
LH:6
BRDA:11,0,0,0
BRDA:11,0,1,9
BRDA:13,1,0,5
BRDA:13,1,1,4
BRDA:13,2,0,0
BRDA:13,2,1,5
BRF:6
BRH:4
end_of_record
TN:
SF:/Users/victorgamez/Desktop/_Skylab/proyectoFinal/MDitor/server/test/db/index.ts
FNF:0
FNH:0
DA:1,1
DA:3,1
DA:5,1
DA:11,1
LF:4
LH:4
BRF:0
BRH:0
end_of_record
