TN:
SF:/Users/victorgamez/Desktop/_Skylab/proyectoFinal/MDitor/server/src/index.ts
FN:23,(anonymous_6)
FN:32,create
FN:79,(anonymous_9)
FNF:3
FNH:3
FNDA:1,(anonymous_6)
FNDA:1,create
FNDA:1,(anonymous_9)
DA:3,1
DA:9,1
DA:11,1
DA:13,1
DA:15,1
DA:17,1
DA:21,1
DA:23,1
DA:24,1
DA:34,1
DA:36,1
DA:37,0
DA:38,0
DA:39,0
DA:42,0
DA:46,1
DA:77,1
DA:79,1
DA:81,1
LF:19
LH:15
BRDA:77,0,0,1
BRDA:77,0,1,0
BRF:2
BRH:1
end_of_record
TN:
SF:/Users/victorgamez/Desktop/_Skylab/proyectoFinal/MDitor/server/src/Models/index.ts
FNF:0
FNH:0
DA:1,1
DA:2,1
DA:4,1
LF:3
LH:3
BRF:0
BRH:0
end_of_record
TN:
SF:/Users/victorgamez/Desktop/_Skylab/proyectoFinal/MDitor/server/src/Models/File/File.ts
FNF:0
FNH:0
DA:1,1
DA:4,1
DA:11,1
LF:3
LH:3
BRF:0
BRH:0
end_of_record
TN:
SF:/Users/victorgamez/Desktop/_Skylab/proyectoFinal/MDitor/server/src/Models/File/index.ts
FNF:0
FNH:0
DA:7,1
DA:9,1
DA:11,1
LF:3
LH:3
BRF:0
BRH:0
end_of_record
TN:
SF:/Users/victorgamez/Desktop/_Skylab/proyectoFinal/MDitor/server/src/Models/Folder/Folder.ts
FNF:0
FNH:0
DA:1,1
DA:5,1
DA:19,1
LF:3
LH:3
BRF:0
BRH:0
end_of_record
TN:
SF:/Users/victorgamez/Desktop/_Skylab/proyectoFinal/MDitor/server/src/Models/Folder/index.ts
FNF:0
FNH:0
DA:7,1
DA:9,1
DA:11,1
LF:3
LH:3
BRF:0
BRH:0
end_of_record
TN:
SF:/Users/victorgamez/Desktop/_Skylab/proyectoFinal/MDitor/server/src/db/index.ts
FNF:0
FNH:0
DA:1,1
DA:3,1
DA:9,1
LF:3
LH:3
BRF:0
BRH:0
end_of_record
TN:
SF:/Users/victorgamez/Desktop/_Skylab/proyectoFinal/MDitor/server/src/logic/index.ts
FN:8,createFolder
FN:10,(anonymous_1)
FN:15,(anonymous_2)
FN:18,createFile
FN:21,(anonymous_4)
FN:25,(anonymous_5)
FN:38,updateFolder
FN:40,(anonymous_7)
FN:44,(anonymous_8)
FN:47,updateFile
FN:49,(anonymous_10)
FN:53,(anonymous_11)
FN:56,listFolders
FN:58,(anonymous_13)
FN:62,(anonymous_14)
FNF:15
FNH:5
FNDA:1,createFolder
FNDA:1,(anonymous_1)
FNDA:1,(anonymous_2)
FNDA:1,createFile
FNDA:1,(anonymous_4)
FNDA:0,(anonymous_5)
FNDA:0,updateFolder
FNDA:0,(anonymous_7)
FNDA:0,(anonymous_8)
FNDA:0,updateFile
FNDA:0,(anonymous_10)
FNDA:0,(anonymous_11)
FNDA:0,listFolders
FNDA:0,(anonymous_13)
FNDA:0,(anonymous_14)
DA:2,1
DA:3,1
DA:7,1
DA:9,1
DA:11,1
DA:13,1
DA:15,1
DA:20,1
DA:22,1
DA:23,1
DA:27,0
DA:29,0
DA:31,0
DA:32,0
DA:34,0
DA:39,0
DA:41,0
DA:42,0
DA:44,0
DA:48,0
DA:50,0
DA:51,0
DA:53,0
DA:57,0
DA:59,0
DA:60,0
DA:63,0
DA:79,1
LF:28
LH:11
BRF:0
BRH:0
end_of_record
TN:
SF:/Users/victorgamez/Desktop/_Skylab/proyectoFinal/MDitor/server/src/logic/validate.ts
FN:7,validate
FNF:1
FNH:1
FNDA:2,validate
DA:8,2
DA:9,3
DA:11,3
DA:13,3
DA:16,2
DA:19,1
LF:6
LH:6
BRDA:11,0,0,0
BRDA:11,0,1,3
BRDA:13,1,0,2
BRDA:13,1,1,1
BRDA:13,2,0,0
BRDA:13,2,1,2
BRF:6
BRH:4
end_of_record
